[0.564s] Invoking command in '/home/darshan/ros2_ws/src/turtle_controller': PYTHONPATH=/home/darshan/ros2_ws/src/turtle_controller/build/turtle_controller/prefix_override:/usr/lib/python3/dist-packages/colcon_core/task/python/colcon_distutils_commands:/home/darshan/ros2_ws/src/turtle_controller/install/turtle_controller/lib/python3.10/site-packages:${PYTHONPATH} /usr/bin/python3 -W ignore:setup.py install is deprecated -W ignore:easy_install command is deprecated setup.py egg_info --egg-base build/turtle_controller build --build-base /home/darshan/ros2_ws/src/turtle_controller/build/turtle_controller/build install --record /home/darshan/ros2_ws/src/turtle_controller/build/turtle_controller/install.log --single-version-externally-managed install_data
[0.815s] running egg_info
[0.815s] writing build/turtle_controller/turtle_controller.egg-info/PKG-INFO
[0.815s] writing dependency_links to build/turtle_controller/turtle_controller.egg-info/dependency_links.txt
[0.816s] writing entry points to build/turtle_controller/turtle_controller.egg-info/entry_points.txt
[0.816s] writing requirements to build/turtle_controller/turtle_controller.egg-info/requires.txt
[0.816s] writing top-level names to build/turtle_controller/turtle_controller.egg-info/top_level.txt
[0.818s] reading manifest file 'build/turtle_controller/turtle_controller.egg-info/SOURCES.txt'
[0.819s] writing manifest file 'build/turtle_controller/turtle_controller.egg-info/SOURCES.txt'
[0.820s] running build
[0.820s] running build_py
[0.820s] running install
[0.820s] running install_lib
[0.822s] running install_data
[0.822s] copying launch/turtle_launch.py -> /home/darshan/ros2_ws/src/turtle_controller/install/turtle_controller/shareturtle_controller/launch
[0.822s] copying package.xml -> /home/darshan/ros2_ws/src/turtle_controller/install/turtle_controller/share/turtle_controller
[0.822s] running install_egg_info
[0.824s] Copying build/turtle_controller/turtle_controller.egg-info to /home/darshan/ros2_ws/src/turtle_controller/install/turtle_controller/lib/python3.10/site-packages/turtle_controller-0.0.1-py3.10.egg-info
[0.825s] running install_scripts
[0.844s] Installing turtle_navigator script to /home/darshan/ros2_ws/src/turtle_controller/install/turtle_controller/lib/turtle_controller
[0.844s] Installing turtle_odometer script to /home/darshan/ros2_ws/src/turtle_controller/install/turtle_controller/lib/turtle_controller
[0.844s] writing list of installed files to '/home/darshan/ros2_ws/src/turtle_controller/build/turtle_controller/install.log'
[0.863s] Invoked command in '/home/darshan/ros2_ws/src/turtle_controller' returned '0': PYTHONPATH=/home/darshan/ros2_ws/src/turtle_controller/build/turtle_controller/prefix_override:/usr/lib/python3/dist-packages/colcon_core/task/python/colcon_distutils_commands:/home/darshan/ros2_ws/src/turtle_controller/install/turtle_controller/lib/python3.10/site-packages:${PYTHONPATH} /usr/bin/python3 -W ignore:setup.py install is deprecated -W ignore:easy_install command is deprecated setup.py egg_info --egg-base build/turtle_controller build --build-base /home/darshan/ros2_ws/src/turtle_controller/build/turtle_controller/build install --record /home/darshan/ros2_ws/src/turtle_controller/build/turtle_controller/install.log --single-version-externally-managed install_data
